<?xml version="1.0" encoding="UTF-8"?>
<testsuite xmlns:xsi="http://www.w3.org/2001/XMLSchema-instance" xsi:noNamespaceSchemaLocation="https://maven.apache.org/surefire/maven-surefire-plugin/xsd/surefire-test-report.xsd" version="3.0.1" name="runners.TestRunner" time="14.846" tests="1" errors="0" skipped="0" failures="0">
  <properties>
[...]
</properties>
  <testcase name="Valid login" classname="Login" time="13.987">
    <system-out><![CDATA[
Scenario: Valid login                 &amp#27;[90m# src/test/resources/features/login.feature:2&amp#27;[0m
  &amp#27;[32mGiven &amp#27;[0m&amp#27;[32muser launches browser&amp#27;[0m         &amp#27;[90m# stepDefinitions.LoginSteps.user_launches_browser()&amp#27;[0m
  &amp#27;[32mWhen &amp#27;[0m&amp#27;[32muser open login page&amp#27;[0m           &amp#27;[90m# stepDefinitions.LoginSteps.user_open_login_page()&amp#27;[0m
  &amp#27;[32mAnd &amp#27;[0m&amp#27;[32menter username and password&amp#27;[0m     &amp#27;[90m# stepDefinitions.LoginSteps.enter_username_and_password()&amp#27;[0m
  &amp#27;[32mAnd &amp#27;[0m&amp#27;[32mclicks login button&amp#27;[0m             &amp#27;[90m# stepDefinitions.LoginSteps.clicks_login_button()&amp#27;[0m
Login Passed
  &amp#27;[32mThen &amp#27;[0m&amp#27;[32muser should login successfully&amp#27;[0m &amp#27;[90m# stepDefinitions.LoginSteps.user_should_login_successfully()&amp#27;[0m
]]></system-out>
  </testcase>
</testsuite>